<?xml version="1.0" encoding="UTF-8"?>
<!-- Generated by org.testng.reporters.JUnitReportReporter -->
<testsuite hostname="jkosturanova" name="JelenaTesting.Testing.AppTest" tests="1" failures="0" timestamp="15 Oct 2018 09:48:15 GMT" time="0.000" errors="0">
  <testcase name="testApp" time="0.000" classname="JelenaTesting.Testing.AppTest"/>
</testsuite> <!-- JelenaTesting.Testing.AppTest -->
