<?xml version="1.0" encoding="UTF-8"?>
<!-- Generated by org.testng.reporters.JUnitReportReporter -->
<testsuite hostname="jkosturanova" name="JelenaTesting.Testing.Tests" tests="5" failures="0" timestamp="20 Aug 2020 14:59:15 GMT" time="54.871" errors="0">
  <testcase name="signInWrongCredentials" time="5.748" classname="JelenaTesting.Testing.Tests"/>
  <testcase name="signIn" time="6.228" classname="JelenaTesting.Testing.Tests"/>
  <testcase name="createArticle" time="19.246" classname="JelenaTesting.Testing.Tests"/>
  <testcase name="signUp" time="9.949" classname="JelenaTesting.Testing.Tests"/>
  <testcase name="postComment" time="13.700" classname="JelenaTesting.Testing.Tests"/>
</testsuite> <!-- JelenaTesting.Testing.Tests -->
